| _ | _ | _ | _ | _ | _ | _ |
| _ | _ | _ | _ | _ | _ | _ |
| _ | _ | _ | _ | _ | _ | _ |
| _ | _ | _ | _ | _ | _ | _ |
| _ | _ | _ | _ | _ | _ | _ |
| _ | _ | _ | _ | _ | _ | _ |
R---------------------------R

| _ | _ | _ | _ | _ | _ | _ |
| _ | _ | _ | _ | _ | _ | _ |
| _ | _ | _ | _ | _ | _ | _ |
| _ | _ | _ | _ | _ | _ | _ |
| _ | _ | _ | _ | _ | _ | _ |
| R | _ | _ | _ | _ | _ | _ |
Y---------------------------Y

| _ | _ | _ | _ | _ | _ | _ |
| _ | _ | _ | _ | _ | _ | _ |
| _ | _ | _ | _ | _ | _ | _ |
| _ | _ | _ | _ | _ | _ | _ |
| _ | _ | _ | _ | _ | _ | _ |
| R | _ | _ | _ | _ | _ | Y |
R---------------------------R

| _ | _ | _ | _ | _ | _ | _ |
| _ | _ | _ | _ | _ | _ | _ |
| _ | _ | _ | _ | _ | _ | _ |
| _ | _ | _ | _ | _ | _ | _ |
| _ | _ | _ | _ | _ | _ | _ |
| R | R | _ | _ | _ | _ | Y |
Y---------------------------Y

| _ | _ | _ | _ | _ | _ | _ |
| _ | _ | _ | _ | _ | _ | _ |
| _ | _ | _ | _ | _ | _ | _ |
| _ | _ | _ | _ | _ | _ | _ |
| _ | _ | _ | _ | _ | _ | Y |
| R | R | _ | _ | _ | _ | Y |
R---------------------------R

| _ | _ | _ | _ | _ | _ | _ |
| _ | _ | _ | _ | _ | _ | _ |
| _ | _ | _ | _ | _ | _ | _ |
| _ | _ | _ | _ | _ | _ | _ |
| _ | _ | _ | _ | _ | _ | Y |
| R | R | R | _ | _ | _ | Y |
Y---------------------------Y

| _ | _ | _ | _ | _ | _ | _ |
| _ | _ | _ | _ | _ | _ | _ |
| _ | _ | _ | _ | _ | _ | _ |
| _ | _ | _ | _ | _ | _ | Y |
| _ | _ | _ | _ | _ | _ | Y |
| R | R | R | _ | _ | _ | Y |
R---------------------------R

| _ | _ | _ | _ | _ | _ | _ |
| _ | _ | _ | _ | _ | _ | _ |
| _ | _ | _ | _ | _ | _ | _ |
| _ | _ | _ | _ | _ | _ | Y |
| _ | _ | _ | _ | _ | _ | Y |
| R | R | R | R | _ | _ | Y |
Y---------------------------Y

STATUS: Congratulations, player RED, for winning the game!
